0 info it worked if it ends with ok
1 verbose cli [ '/Users/benhulan/.nvm/v0.10.35/bin/node',
1 verbose cli   '/Users/benhulan/.nvm/v0.10.35/bin/npm',
1 verbose cli   'run',
1 verbose cli   'start-dev' ]
2 info using npm@1.4.28
3 info using node@v0.10.35
4 verbose run-script [ 'prestart-dev', 'start-dev', 'poststart-dev' ]
5 info prestart-dev browserify-seed@0.8.0
6 info start-dev browserify-seed@0.8.0
7 verbose unsafe-perm in lifecycle true
8 info browserify-seed@0.8.0 Failed to exec start-dev script
9 error browserify-seed@0.8.0 start-dev: `npm run watch & serve public/ -p 1337`
9 error Exit status 127
10 error Failed at the browserify-seed@0.8.0 start-dev script.
10 error This is most likely a problem with the browserify-seed package,
10 error not with npm itself.
10 error Tell the author that this fails on your system:
10 error     npm run watch & serve public/ -p 1337
10 error You can get their info via:
10 error     npm owner ls browserify-seed
10 error There is likely additional logging output above.
11 error System Darwin 14.0.0
12 error command "/Users/benhulan/.nvm/v0.10.35/bin/node" "/Users/benhulan/.nvm/v0.10.35/bin/npm" "run" "start-dev"
13 error cwd /Users/benhulan/Developer/famous_paper_doll/browserify-seed
14 error node -v v0.10.35
15 error npm -v 1.4.28
16 error code ELIFECYCLE
17 verbose exit [ 1, true ]
